[debug] [2022-01-27T14:42:26.215Z] ----------------------------------------------------------------------
[debug] [2022-01-27T14:42:26.217Z] Command:       /usr/local/bin/firebase /home/skmedlab/.cache/firebase/tools/lib/node_modules/firebase-tools/lib/bin/firebase init
[debug] [2022-01-27T14:42:26.217Z] CLI Version:   10.1.2
[debug] [2022-01-27T14:42:26.217Z] Platform:      linux
[debug] [2022-01-27T14:42:26.218Z] Node Version:  v12.18.1
[debug] [2022-01-27T14:42:26.218Z] Time:          Thu Jan 27 2022 20:42:26 GMT+0600 (East Kazakhstan Time)
[debug] [2022-01-27T14:42:26.218Z] ----------------------------------------------------------------------
[debug] 
[debug] [2022-01-27T14:42:26.267Z] > command requires scopes: ["email","openid","https://www.googleapis.com/auth/cloudplatformprojects.readonly","https://www.googleapis.com/auth/firebase","https://www.googleapis.com/auth/cloud-platform"]
[debug] [2022-01-27T14:42:26.268Z] > authorizing via signed-in user (9aniyar@gmail.com)
[info] 
     ######## #### ########  ######## ########     ###     ######  ########
     ##        ##  ##     ## ##       ##     ##  ##   ##  ##       ##
     ######    ##  ########  ######   ########  #########  ######  ######
     ##        ##  ##    ##  ##       ##     ## ##     ##       ## ##
     ##       #### ##     ## ######## ########  ##     ##  ######  ########

You're about to initialize a Firebase project in this directory:

  /home/skmedlab/Documents/GitHub/skmedlabmain

Before we get started, keep in mind:

  * You are initializing within an existing Firebase project directory

[debug] [2022-01-27T14:42:34.644Z] TypeError: Cannot read property 'setRawMode' of null
    at ReadStream.setRawMode (tty.js:75:28)
    at Interface._setRawMode (readline.js:290:16)
    at Interface.close (readline.js:413:10)
    at ReadStream.ontermend (readline.js:201:10)
    at ReadStream.emit (events.js:327:22)
    at ReadStream.EventEmitter.emit (domain.js:482:12)
    at endReadableNT (_stream_readable.js:1221:12)
    at processTicksAndRejections (internal/process/task_queues.js:84:21)
